2025-06-26 19:48:55 - === Попытка запуска #1 ===
2025-06-26 19:48:55 - Проверка доступности GPU...
2025-06-26 19:48:56 - GPU доступен: NVIDIA GeForce RTX 4080, 16376
2025-06-26 19:48:56 - Проверка Docker...
2025-06-26 19:48:56 - Docker активен
2025-06-26 19:48:56 - Очистка старых контейнеров...
2025-06-26 19:48:57 - Порт 8000 свободен
2025-06-26 19:48:57 - Запуск Face Comparison Service...
2025-06-26 19:48:58 - ❌ Ошибка запуска сервиса
2025-06-26 19:48:58 - Повторная попытка через 30 секунд...
2025-06-26 19:49:28 - === Попытка запуска #2 ===
2025-06-26 19:49:28 - Проверка доступности GPU...
2025-06-26 19:49:28 - GPU доступен: NVIDIA GeForce RTX 4080, 16376
2025-06-26 19:49:28 - Проверка Docker...
2025-06-26 19:49:28 - Docker активен
2025-06-26 19:49:28 - Очистка старых контейнеров...
2025-06-26 19:49:29 - Порт 8000 свободен
2025-06-26 19:49:29 - Запуск Face Comparison Service...
2025-06-26 19:49:29 - ❌ Ошибка запуска сервиса
2025-06-26 19:49:29 - Повторная попытка через 30 секунд...
2025-06-26 19:49:59 - === Попытка запуска #3 ===
2025-06-26 19:49:59 - Проверка доступности GPU...
2025-06-26 19:49:59 - GPU доступен: NVIDIA GeForce RTX 4080, 16376
2025-06-26 19:49:59 - Проверка Docker...
2025-06-26 19:49:59 - Docker активен
2025-06-26 19:49:59 - Очистка старых контейнеров...
2025-06-26 19:50:01 - Порт 8000 свободен
2025-06-26 19:50:01 - Запуск Face Comparison Service...
2025-06-26 19:50:01 - ❌ Ошибка запуска сервиса
2025-06-26 19:50:01 - 💥 КРИТИЧЕСКАЯ ОШИБКА: Не удалось запустить сервис после 3 попыток
2025-06-26 19:50:28 - === Попытка запуска #1 ===
2025-06-26 19:50:28 - Проверка доступности GPU...
2025-06-26 19:50:28 - GPU доступен: NVIDIA GeForce RTX 4080, 16376
2025-06-26 19:50:28 - Проверка Docker...
2025-06-26 19:50:28 - Docker активен
2025-06-26 19:50:28 - Очистка старых контейнеров...
2025-06-26 19:50:29 - Порт 8000 свободен
2025-06-26 19:50:29 - Запуск Face Comparison Service...
2025-06-26 19:50:33 - ❌ Ошибка запуска сервиса
2025-06-26 19:50:33 - Повторная попытка через 30 секунд...
2025-06-26 19:51:03 - === Попытка запуска #2 ===
2025-06-26 19:51:03 - Проверка доступности GPU...
2025-06-26 19:51:04 - GPU доступен: NVIDIA GeForce RTX 4080, 16376
2025-06-26 19:51:04 - Проверка Docker...
2025-06-26 19:51:04 - Docker активен
2025-06-26 19:51:04 - Очистка старых контейнеров...
2025-06-26 19:51:05 - Порт 8000 свободен
2025-06-26 19:51:05 - Запуск Face Comparison Service...
2025-06-26 19:51:09 - ❌ Ошибка запуска сервиса
2025-06-26 19:51:09 - Повторная попытка через 30 секунд...
2025-06-26 19:51:39 - === Попытка запуска #3 ===
2025-06-26 19:51:39 - Проверка доступности GPU...
2025-06-26 19:51:39 - GPU доступен: NVIDIA GeForce RTX 4080, 16376
2025-06-26 19:51:39 - Проверка Docker...
2025-06-26 19:51:39 - Docker активен
2025-06-26 19:51:39 - Очистка старых контейнеров...
2025-06-26 19:51:40 - Порт 8000 свободен
2025-06-26 19:51:40 - Запуск Face Comparison Service...
2025-06-26 19:51:43 - ❌ Ошибка запуска сервиса
2025-06-26 19:51:44 - 💥 КРИТИЧЕСКАЯ ОШИБКА: Не удалось запустить сервис после 3 попыток
2025-06-26 19:52:48 - === Попытка запуска #1 ===
2025-06-26 19:52:48 - Проверка доступности GPU...
2025-06-26 19:52:48 - GPU доступен: NVIDIA GeForce RTX 4080, 16376
2025-06-26 19:52:48 - Проверка Docker...
2025-06-26 19:52:48 - Docker активен
2025-06-26 19:52:48 - Очистка старых контейнеров...
2025-06-26 19:52:48 - Порт 8000 свободен
2025-06-26 19:52:48 - Запуск Face Comparison Service...
2025-06-26 19:57:48 - ❌ Ошибка запуска сервиса
2025-06-26 19:57:49 - Повторная попытка через 30 секунд...
2025-06-26 19:58:19 - === Попытка запуска #2 ===
2025-06-26 19:58:19 - Проверка доступности GPU...
2025-06-26 19:58:19 - GPU доступен: NVIDIA GeForce RTX 4080, 16376
2025-06-26 19:58:19 - Проверка Docker...
2025-06-26 19:58:19 - Docker активен
2025-06-26 19:58:19 - Очистка старых контейнеров...
2025-06-26 19:58:19 - Порт 8000 свободен
2025-06-26 19:58:19 - Запуск Face Comparison Service...
2025-06-26 20:03:19 - ❌ Ошибка запуска сервиса
2025-06-26 20:03:19 - Повторная попытка через 30 секунд...
2025-06-26 20:03:49 - === Попытка запуска #3 ===
2025-06-26 20:03:49 - Проверка доступности GPU...
2025-06-26 20:03:50 - GPU доступен: NVIDIA GeForce RTX 4080, 16376
2025-06-26 20:03:50 - Проверка Docker...
2025-06-26 20:03:50 - Docker активен
2025-06-26 20:03:50 - Очистка старых контейнеров...
2025-06-26 20:03:50 - Порт 8000 свободен
2025-06-26 20:03:50 - Запуск Face Comparison Service...
2025-06-26 20:08:50 - ❌ Ошибка запуска сервиса
2025-06-26 20:08:50 - 💥 КРИТИЧЕСКАЯ ОШИБКА: Не удалось запустить сервис после 3 попыток
